[2018-02-24 15:48:12] APPL - APPWIZ - exception 'ZDKException' with message 'UPL-006: the size of the uploaded file 'favicon.ico' is greater than the allowed maximum size of '102400' bytes!' in C:\wamp64\www\znetdk\engine\core\request.php:326
Stack trace:
#0 C:\wamp64\www\znetdk\engine\tools\appwiz\app\uploadedfile.php(83): Request->moveImageFile('logo', 'C:\\wamp64\\www\\z...', 102400)
#1 C:\wamp64\www\znetdk\engine\tools\appwiz\app\controller\wizard.php(79): app\UploadedFile->upload()
#2 C:\wamp64\www\znetdk\engine\core\appcontroller.php(182): app\controller\Wizard::action_upload()
#3 C:\wamp64\www\znetdk\engine\core\appcontroller.php(45): AppController::executeAction('upload')
#4 C:\wamp64\www\znetdk\engine\core\maincontroller.php(107): AppController::doAction('upload')
#5 C:\wamp64\www\znetdk\engine\core\maincontroller.php(135): MainController::executeAction('wizard', 'upload')
#6 C:\wamp64\www\znetdk\index.php(81): MainController::doAction()
#7 {main} - C:\wamp64\www\znetdk\engine\tools\appwiz-preview\public\images\logo.ico - favicon.ico
[2018-02-24 15:48:32] APPL - APPWIZ - exception 'ZDKException' with message 'UPL-006: the size of the uploaded file 'favicon.ico' is greater than the allowed maximum size of '102400' bytes!' in C:\wamp64\www\znetdk\engine\core\request.php:326
Stack trace:
#0 C:\wamp64\www\znetdk\engine\tools\appwiz\app\uploadedfile.php(83): Request->moveImageFile('logo', 'C:\\wamp64\\www\\z...', 102400)
#1 C:\wamp64\www\znetdk\engine\tools\appwiz\app\controller\wizard.php(79): app\UploadedFile->upload()
#2 C:\wamp64\www\znetdk\engine\core\appcontroller.php(182): app\controller\Wizard::action_upload()
#3 C:\wamp64\www\znetdk\engine\core\appcontroller.php(45): AppController::executeAction('upload')
#4 C:\wamp64\www\znetdk\engine\core\maincontroller.php(107): AppController::doAction('upload')
#5 C:\wamp64\www\znetdk\engine\core\maincontroller.php(135): MainController::executeAction('wizard', 'upload')
#6 C:\wamp64\www\znetdk\index.php(81): MainController::doAction()
#7 {main} - C:\wamp64\www\znetdk\engine\tools\appwiz-preview\public\images\logo.ico - favicon.ico
[2018-02-24 15:50:27] CORE - ZNETDK ERROR - DAO-004: unable to execute the SQL statement 'INSERT INTO zdk_users (user_name, user_email, login_name, login_password, expiration_date, full_menu_access, user_enabled) VALUES (?, ?, ?, ?, ?, ?, ?)': code='HY000', message='SQLSTATE[HY000]: General error: 1366 Incorrect integer value: '' for column 'full_menu_access' at row 1
[2018-02-24 15:50:27] CORE - ZNETDK ERROR - USR-004: unable to store the user: code='HY000', message='SQLSTATE[HY000]: General error: 1366 Incorrect integer value: '' for column 'full_menu_access' at row 1
[2018-02-27 08:56:18] CORE - E_ERROR - spl_autoload(): Class app\model\PropuskDAO could not be loaded - C:\wamp64\www\propusk\applications\default\app\controller\propuskctrl.php(70)
[2018-02-27 08:58:57] CORE - ZNETDK ERROR - DAO-004: unable to execute the SQL statement 'INSERT INTO permit (user, date, num, mycompany, company, validto, description, price, approved, dtstamp) VALUES (?, ?, ?, ?, ?, ?, ?, ?, ?, ?)': code='42S22', message='SQLSTATE[42S22]: Column not found: 1054 Unknown column 'price' in 'field list'
[2018-02-27 08:58:57] CORE - E_NOTICE - Use of undefined constant LA_DEMO_DIALOG_SAVE - assumed 'LA_DEMO_DIALOG_SAVE' - C:\wamp64\www\propusk\applications\default\app\controller\propuskctrl.php(27)
[2018-02-27 08:58:57] CORE - E_NOTICE - Use of undefined constant LA_DEMO_ERROR_MSG_SAVE - assumed 'LA_DEMO_ERROR_MSG_SAVE' - C:\wamp64\www\propusk\applications\default\app\controller\propuskctrl.php(28)
[2018-02-27 10:34:31] CORE - ZNETDK ERROR - DAO-002: unable to execute the SQL query 'SELECT * FROM permit  WHERE LOWER(mycompany) LIKE LOWER(?) OR LOWER(num) LIKE LOWER(?) OR LOWER(company) LIKE LOWER(?) OR LOWER(user) LIKE LOWER(?) ORDER BY name LIMIT 0, 10': code='42S22', message='SQLSTATE[42S22]: Column not found: 1054 Unknown column 'name' in 'order clause'
[2018-02-27 10:35:11] CORE - ZNETDK ERROR - DAO-004: unable to execute the SQL statement 'INSERT INTO permit (user, date, num, mycompany, company, validto, description, price, approved, dtstamp) VALUES (?, ?, ?, ?, ?, ?, ?, ?, ?, ?)': code='42S22', message='SQLSTATE[42S22]: Column not found: 1054 Unknown column 'price' in 'field list'
[2018-02-27 10:35:11] CORE - E_NOTICE - Use of undefined constant LA_DEMO_DIALOG_SAVE - assumed 'LA_DEMO_DIALOG_SAVE' - C:\wamp64\www\propusk\applications\default\app\controller\propuskctrl.php(27)
[2018-02-27 10:35:11] CORE - E_NOTICE - Use of undefined constant LA_DEMO_ERROR_MSG_SAVE - assumed 'LA_DEMO_ERROR_MSG_SAVE' - C:\wamp64\www\propusk\applications\default\app\controller\propuskctrl.php(28)
[2018-02-27 10:45:20] CORE - ZNETDK ERROR - DAO-002: unable to execute the SQL query 'SELECT * FROM permit  WHERE LOWER(mycompany) LIKE LOWER(?) OR LOWER(num) LIKE LOWER(?) OR LOWER(company) LIKE LOWER(?) OR LOWER(user) LIKE LOWER(?) ORDER BY name LIMIT 0, 10': code='42S22', message='SQLSTATE[42S22]: Column not found: 1054 Unknown column 'name' in 'order clause'
[2018-02-27 10:47:15] CORE - ZNETDK ERROR - DAO-002: unable to execute the SQL query 'SELECT * FROM permit  WHERE LOWER(mycompany) LIKE LOWER(?) OR LOWER(num) LIKE LOWER(?) OR LOWER(company) LIKE LOWER(?) OR LOWER(user) LIKE LOWER(?) ORDER BY name LIMIT 0, 10': code='42S22', message='SQLSTATE[42S22]: Column not found: 1054 Unknown column 'name' in 'order clause'
[2018-02-27 11:05:51] CORE - ZNETDK ERROR - DAO-002: unable to execute the SQL query 'SELECT * FROM permit  WHERE LOWER(mycompany) LIKE LOWER(?) OR LOWER(num) LIKE LOWER(?) OR LOWER(company) LIKE LOWER(?) OR LOWER(user) LIKE LOWER(?) ORDER BY name LIMIT 0, 10': code='42S22', message='SQLSTATE[42S22]: Column not found: 1054 Unknown column 'name' in 'order clause'
[2018-02-27 13:13:31] CORE - ZNETDK ERROR - DAO-002: unable to execute the SQL query 'SELECT * FROM permit  WHERE LOWER(mycompany) LIKE LOWER(?) OR LOWER(num) LIKE LOWER(?) OR LOWER(company) LIKE LOWER(?) OR LOWER(user) LIKE LOWER(?) ORDER BY name LIMIT 0, 10': code='42S22', message='SQLSTATE[42S22]: Column not found: 1054 Unknown column 'name' in 'order clause'
[2018-02-27 13:15:19] CORE - ZNETDK ERROR - DAO-002: unable to execute the SQL query 'SELECT * FROM permit  WHERE LOWER(mycompany) LIKE LOWER(?) OR LOWER(num) LIKE LOWER(?) OR LOWER(company) LIKE LOWER(?) OR LOWER(user) LIKE LOWER(?) ORDER BY name LIMIT 0, 10': code='42S22', message='SQLSTATE[42S22]: Column not found: 1054 Unknown column 'name' in 'order clause'
[2018-02-27 13:18:28] CORE - E_ERROR - Cannot access protected property app\model\PropuskDAO::$filterClause - xdebug://debug-eval(1)
[2018-02-27 13:19:00] CORE - E_NOTICE - Use of undefined constant LA_DEMO_DIALOG_SAVE - assumed 'LA_DEMO_DIALOG_SAVE' - C:\wamp64\www\propusk\applications\default\app\controller\propuskctrl.php(25)
[2018-02-27 13:19:00] CORE - E_NOTICE - Use of undefined constant LA_DEMO_INFO_MSG_SAVE - assumed 'LA_DEMO_INFO_MSG_SAVE' - C:\wamp64\www\propusk\applications\default\app\controller\propuskctrl.php(26)
[2018-02-27 13:19:00] CORE - ZNETDK ERROR - DAO-002: unable to execute the SQL query 'SELECT * FROM permit  WHERE LOWER(mycompany) LIKE LOWER(?) OR LOWER(num) LIKE LOWER(?) OR LOWER(company) LIKE LOWER(?) OR LOWER(user) LIKE LOWER(?) ORDER BY name LIMIT 0, 10': code='42S22', message='SQLSTATE[42S22]: Column not found: 1054 Unknown column 'name' in 'order clause'
[2018-02-27 13:22:34] CORE - ZNETDK ERROR - DAO-002: unable to execute the SQL query 'SELECT * FROM permit  WHERE LOWER(mycompany) LIKE LOWER(?) OR LOWER(num) LIKE LOWER(?) OR LOWER(company) LIKE LOWER(?) OR LOWER(user) LIKE LOWER(?) ORDER BY name LIMIT 0, 10': code='42S22', message='SQLSTATE[42S22]: Column not found: 1054 Unknown column 'name' in 'order clause'
[2018-02-27 13:24:24] CORE - E_NOTICE - Use of undefined constant LA_DEMO_DIALOG_SAVE - assumed 'LA_DEMO_DIALOG_SAVE' - C:\wamp64\www\propusk\applications\default\app\controller\propuskctrl.php(25)
[2018-02-27 13:24:24] CORE - E_NOTICE - Use of undefined constant LA_DEMO_INFO_MSG_SAVE - assumed 'LA_DEMO_INFO_MSG_SAVE' - C:\wamp64\www\propusk\applications\default\app\controller\propuskctrl.php(26)
[2018-02-27 13:27:22] CORE - ZNETDK ERROR - DAO-002: unable to execute the SQL query 'SELECT * FROM permit  WHERE LOWER(mycompany) LIKE LOWER(?) OR LOWER(num) LIKE LOWER(?) OR LOWER(company) LIKE LOWER(?) OR LOWER(user) LIKE LOWER(?) ORDER BY name LIMIT 0, 10': code='42S22', message='SQLSTATE[42S22]: Column not found: 1054 Unknown column 'name' in 'order clause'
[2018-02-27 13:40:08] CORE - ZNETDK ERROR - DAO-002: unable to execute the SQL query 'SELECT * FROM permit ORDER BY name LIMIT 0, 10': code='42S22', message='SQLSTATE[42S22]: Column not found: 1054 Unknown column 'name' in 'order clause'
[2018-02-27 13:48:06] CORE - E_NOTICE - Use of undefined constant LA_DEMO_DIALOG_SAVE - assumed 'LA_DEMO_DIALOG_SAVE' - C:\wamp64\www\propusk\applications\default\app\controller\propuskctrl.php(25)
[2018-02-27 13:48:06] CORE - E_NOTICE - Use of undefined constant LA_DEMO_INFO_MSG_SAVE - assumed 'LA_DEMO_INFO_MSG_SAVE' - C:\wamp64\www\propusk\applications\default\app\controller\propuskctrl.php(26)
[2018-02-27 13:48:36] CORE - E_NOTICE - Use of undefined constant LA_DEMO_DIALOG_SAVE - assumed 'LA_DEMO_DIALOG_SAVE' - C:\wamp64\www\propusk\applications\default\app\controller\propuskctrl.php(25)
[2018-02-27 13:48:36] CORE - E_NOTICE - Use of undefined constant LA_DEMO_INFO_MSG_SAVE - assumed 'LA_DEMO_INFO_MSG_SAVE' - C:\wamp64\www\propusk\applications\default\app\controller\propuskctrl.php(26)
[2018-02-27 14:05:00] CORE - E_NOTICE - Use of undefined constant LA_DEMO_DIALOG_REMOVE - assumed 'LA_DEMO_DIALOG_REMOVE' - C:\wamp64\www\propusk\applications\default\app\controller\propuskctrl.php(47)
[2018-02-27 14:05:00] CORE - E_NOTICE - Use of undefined constant LA_DEMO_INFO_MSG_REMOVE - assumed 'LA_DEMO_INFO_MSG_REMOVE' - C:\wamp64\www\propusk\applications\default\app\controller\propuskctrl.php(47)
[2018-02-28 07:58:30] CORE - ZNETDK ERROR - MNU-001: no menu definition found for the application 'default' or its method 'initAppMenuItems' does not exist! (0)
[2018-02-28 11:26:43] CORE - ZNETDK ERROR - DAO-002: unable to execute the SQL query 'SELECT * FROM permit  WHERE LOWER(num) LIKE LOWER(?) ORDER BY name LIMIT 0, 10': code='42S22', message='SQLSTATE[42S22]: Column not found: 1054 Unknown column 'name' in 'order clause'
[2018-02-28 11:26:45] CORE - ZNETDK ERROR - DAO-002: unable to execute the SQL query 'SELECT * FROM permit  WHERE LOWER(num) LIKE LOWER(?) ORDER BY name LIMIT 0, 10': code='42S22', message='SQLSTATE[42S22]: Column not found: 1054 Unknown column 'name' in 'order clause'
[2018-02-28 11:26:55] CORE - ZNETDK ERROR - DAO-002: unable to execute the SQL query 'SELECT * FROM permit  WHERE LOWER(num) LIKE LOWER(?) ORDER BY name LIMIT 0, 10': code='42S22', message='SQLSTATE[42S22]: Column not found: 1054 Unknown column 'name' in 'order clause'
[2018-02-28 11:28:47] CORE - ZNETDK ERROR - DAO-002: unable to execute the SQL query 'SELECT * FROM permit  WHERE LOWER(num) LIKE LOWER(?) ORDER BY name LIMIT 0, 10': code='42S22', message='SQLSTATE[42S22]: Column not found: 1054 Unknown column 'name' in 'order clause'
[2018-02-28 11:28:49] CORE - ZNETDK ERROR - DAO-002: unable to execute the SQL query 'SELECT * FROM permit  WHERE LOWER(num) LIKE LOWER(?) ORDER BY name LIMIT 0, 10': code='42S22', message='SQLSTATE[42S22]: Column not found: 1054 Unknown column 'name' in 'order clause'
[2018-02-28 11:28:59] CORE - ZNETDK ERROR - DAO-002: unable to execute the SQL query 'SELECT * FROM permit  WHERE LOWER(num) LIKE LOWER(?) ORDER BY name LIMIT 0, 10': code='42S22', message='SQLSTATE[42S22]: Column not found: 1054 Unknown column 'name' in 'order clause'
[2018-02-28 11:36:22] CORE - ZNETDK ERROR - DAO-002: unable to execute the SQL query 'SELECT * FROM permit  WHERE LOWER(num) LIKE LOWER(?) ORDER BY name LIMIT 0, 10': code='42S22', message='SQLSTATE[42S22]: Column not found: 1054 Unknown column 'name' in 'order clause'
[2018-02-28 13:29:18] CORE - ZNETDK ERROR - DAO-004: unable to execute the SQL statement 'UPDATE permit SET num = ?, num1 = ?, driver = ?, date1 = ?, date2 = ?, person1 = ?, person2 = ?, description = ?, mycompany = ? WHERE id = ?': code='42S22', message='SQLSTATE[42S22]: Column not found: 1054 Unknown column 'num1' in 'field list'
[2018-02-28 13:29:18] CORE - E_NOTICE - Use of undefined constant LA_DEMO_DIALOG_SAVE - assumed 'LA_DEMO_DIALOG_SAVE' - C:\wamp64\www\propusk\applications\default\app\controller\propuskctrl.php(28)
[2018-02-28 13:29:18] CORE - E_NOTICE - Use of undefined constant LA_DEMO_ERROR_MSG_SAVE - assumed 'LA_DEMO_ERROR_MSG_SAVE' - C:\wamp64\www\propusk\applications\default\app\controller\propuskctrl.php(29)
[2018-02-28 13:30:33] CORE - ZNETDK ERROR - DAO-004: unable to execute the SQL statement 'UPDATE permit SET num = ?, num1 = ?, driver = ?, date1 = ?, date2 = ?, person1 = ?, person2 = ?, description = ?, mycompany = ? WHERE id = ?': code='42S22', message='SQLSTATE[42S22]: Column not found: 1054 Unknown column 'num1' in 'field list'
[2018-02-28 13:30:33] CORE - E_NOTICE - Use of undefined constant LA_DEMO_DIALOG_SAVE - assumed 'LA_DEMO_DIALOG_SAVE' - C:\wamp64\www\propusk\applications\default\app\controller\propuskctrl.php(28)
[2018-02-28 13:30:33] CORE - E_NOTICE - Use of undefined constant LA_DEMO_ERROR_MSG_SAVE - assumed 'LA_DEMO_ERROR_MSG_SAVE' - C:\wamp64\www\propusk\applications\default\app\controller\propuskctrl.php(29)
[2018-02-28 13:37:14] CORE - ZNETDK ERROR - DAO-004: unable to execute the SQL statement 'UPDATE permit SET num = ?, num1 = ?, driver = ?, date1 = ?, date2 = ?, person1 = ?, person2 = ?, description = ?, mycompany = ? WHERE id = ?': code='42S22', message='SQLSTATE[42S22]: Column not found: 1054 Unknown column 'num1' in 'field list'
[2018-02-28 13:43:45] CORE - E_NOTICE - Undefined property: PDO::$prepare - C:\wamp64\www\propusk\engine\core\dao.php(543)
[2018-02-28 13:43:46] CORE - E_NOTICE - Undefined property: PDO::$prepare - C:\wamp64\www\propusk\engine\core\dao.php(543)
[2018-02-28 13:43:46] CORE - E_NOTICE - Undefined property: PDO::$prepare - C:\wamp64\www\propusk\engine\core\dao.php(543)
[2018-02-28 13:43:47] CORE - E_NOTICE - Undefined property: PDO::$prepare - C:\wamp64\www\propusk\engine\core\dao.php(543)
[2018-02-28 13:44:38] CORE - E_NOTICE - Undefined property: PDOStatement::$execute - C:\wamp64\www\propusk\engine\core\dao.php(548)
[2018-02-28 13:45:42] CORE - ZNETDK ERROR - DAO-004: unable to execute the SQL statement 'UPDATE permit SET num = ?, num1 = ?, driver = ?, date1 = ?, date2 = ?, person1 = ?, person2 = ?, description = ?, mycompany = ? WHERE id = ?': code='42S22', message='SQLSTATE[42S22]: Column not found: 1054 Unknown column 'num1' in 'field list'
[2018-02-28 13:45:42] CORE - E_NOTICE - Use of undefined constant LA_DEMO_DIALOG_SAVE - assumed 'LA_DEMO_DIALOG_SAVE' - C:\wamp64\www\propusk\applications\default\app\controller\propuskctrl.php(28)
[2018-02-28 13:45:42] CORE - E_NOTICE - Use of undefined constant LA_DEMO_ERROR_MSG_SAVE - assumed 'LA_DEMO_ERROR_MSG_SAVE' - C:\wamp64\www\propusk\applications\default\app\controller\propuskctrl.php(29)
[2018-02-28 13:49:59] CORE - ZNETDK ERROR - DAO-004: unable to execute the SQL statement 'UPDATE permit SET num = ?, num1 = ?, driver = ?, date1 = ?, date2 = ?, person1 = ?, person2 = ?, description = ?, mycompany = ? WHERE id = ?': code='42S22', message='SQLSTATE[42S22]: Column not found: 1054 Unknown column 'num1' in 'field list'
[2018-02-28 13:49:59] CORE - E_NOTICE - Use of undefined constant LA_DEMO_DIALOG_SAVE - assumed 'LA_DEMO_DIALOG_SAVE' - C:\wamp64\www\propusk\applications\default\app\controller\propuskctrl.php(28)
[2018-02-28 13:49:59] CORE - E_NOTICE - Use of undefined constant LA_DEMO_ERROR_MSG_SAVE - assumed 'LA_DEMO_ERROR_MSG_SAVE' - C:\wamp64\www\propusk\applications\default\app\controller\propuskctrl.php(29)
[2018-02-28 13:50:20] CORE - ZNETDK ERROR - DAO-004: unable to execute the SQL statement 'UPDATE permit SET num = ?, num1 = ?, driver = ?, date1 = ?, date2 = ?, person1 = ?, person2 = ?, description = ?, mycompany = ? WHERE id = ?': code='42S22', message='SQLSTATE[42S22]: Column not found: 1054 Unknown column 'num1' in 'field list'
[2018-02-28 13:50:20] CORE - E_NOTICE - Use of undefined constant LA_DEMO_DIALOG_SAVE - assumed 'LA_DEMO_DIALOG_SAVE' - C:\wamp64\www\propusk\applications\default\app\controller\propuskctrl.php(28)
[2018-02-28 13:50:20] CORE - E_NOTICE - Use of undefined constant LA_DEMO_ERROR_MSG_SAVE - assumed 'LA_DEMO_ERROR_MSG_SAVE' - C:\wamp64\www\propusk\applications\default\app\controller\propuskctrl.php(29)
[2018-02-28 13:50:56] CORE - ZNETDK ERROR - DAO-004: unable to execute the SQL statement 'INSERT INTO permit (num, num1, driver, date1, date2, person1, person2, description, mycompany) VALUES (?, ?, ?, ?, ?, ?, ?, ?, ?)': code='42S22', message='SQLSTATE[42S22]: Column not found: 1054 Unknown column 'num1' in 'field list'
[2018-02-28 13:50:56] CORE - E_NOTICE - Use of undefined constant LA_DEMO_DIALOG_SAVE - assumed 'LA_DEMO_DIALOG_SAVE' - C:\wamp64\www\propusk\applications\default\app\controller\propuskctrl.php(28)
[2018-02-28 13:50:56] CORE - E_NOTICE - Use of undefined constant LA_DEMO_ERROR_MSG_SAVE - assumed 'LA_DEMO_ERROR_MSG_SAVE' - C:\wamp64\www\propusk\applications\default\app\controller\propuskctrl.php(29)
[2018-02-28 14:02:14] CORE - E_NOTICE - Use of undefined constant LA_DEMO_DIALOG_SAVE - assumed 'LA_DEMO_DIALOG_SAVE' - C:\wamp64\www\propusk\applications\default\app\controller\propuskctrl.php(25)
[2018-02-28 14:02:14] CORE - E_NOTICE - Use of undefined constant LA_DEMO_INFO_MSG_SAVE - assumed 'LA_DEMO_INFO_MSG_SAVE' - C:\wamp64\www\propusk\applications\default\app\controller\propuskctrl.php(26)
[2018-02-28 14:02:47] CORE - E_NOTICE - Use of undefined constant LA_DEMO_DIALOG_SAVE - assumed 'LA_DEMO_DIALOG_SAVE' - C:\wamp64\www\propusk\applications\default\app\controller\propuskctrl.php(25)
[2018-02-28 14:02:47] CORE - E_NOTICE - Use of undefined constant LA_DEMO_INFO_MSG_SAVE - assumed 'LA_DEMO_INFO_MSG_SAVE' - C:\wamp64\www\propusk\applications\default\app\controller\propuskctrl.php(26)
[2018-02-28 14:07:48] CORE - ZNETDK ERROR - DAO-004: unable to execute the SQL statement 'UPDATE permit SET num = ?, num1 = ?, driver = ? WHERE id = ?': code='42S22', message='SQLSTATE[42S22]: Column not found: 1054 Unknown column 'num1' in 'field list'
[2018-02-28 14:07:48] CORE - E_NOTICE - Use of undefined constant LA_DEMO_DIALOG_SAVE - assumed 'LA_DEMO_DIALOG_SAVE' - C:\wamp64\www\propusk\applications\default\app\controller\propuskctrl.php(28)
[2018-02-28 14:07:48] CORE - E_NOTICE - Use of undefined constant LA_DEMO_ERROR_MSG_SAVE - assumed 'LA_DEMO_ERROR_MSG_SAVE' - C:\wamp64\www\propusk\applications\default\app\controller\propuskctrl.php(29)
[2018-02-28 14:09:57] CORE - E_NOTICE - Use of undefined constant LA_DEMO_DIALOG_SAVE - assumed 'LA_DEMO_DIALOG_SAVE' - C:\wamp64\www\propusk\applications\default\app\controller\propuskctrl.php(25)
[2018-02-28 14:09:57] CORE - E_NOTICE - Use of undefined constant LA_DEMO_INFO_MSG_SAVE - assumed 'LA_DEMO_INFO_MSG_SAVE' - C:\wamp64\www\propusk\applications\default\app\controller\propuskctrl.php(26)
[2018-03-08 16:11:38] CORE - E_ERROR - spl_autoload(): Class app\model\CopmanyDAO could not be loaded - C:\wamp64\www\znetdk\applications\default\app\controller\companyctrl.php(70)
[2018-03-08 16:17:32] CORE - E_ERROR - spl_autoload(): Class app\model\CopmanyDAO could not be loaded - C:\wamp64\www\znetdk\applications\default\app\controller\companyctrl.php(70)
[2018-03-08 16:20:20] CORE - E_ERROR - spl_autoload(): Class app\model\CopmanyDAO could not be loaded - C:\wamp64\www\znetdk\applications\default\app\controller\companyctrl.php(70)
[2018-03-08 16:26:56] CORE - E_NOTICE - Use of undefined constant LA_DEMO_DIALOG_SAVE - assumed 'LA_DEMO_DIALOG_SAVE' - C:\wamp64\www\znetdk\applications\default\app\controller\companyctrl.php(25)
[2018-03-08 16:26:56] CORE - E_NOTICE - Use of undefined constant LA_DEMO_INFO_MSG_SAVE - assumed 'LA_DEMO_INFO_MSG_SAVE' - C:\wamp64\www\znetdk\applications\default\app\controller\companyctrl.php(26)
[2018-03-09 12:01:48] CORE - ZNETDK ERROR - RSP-005: the 't' property does not exist!
[2018-03-09 12:14:53] CORE - ZNETDK ERROR - RSP-005: the 't' property does not exist!
[2018-03-09 15:09:23] CORE - ZNETDK ERROR - CTL-003: the controller 'CompanyCtrl' and the action 'getlist' does not exist!
[2018-03-10 17:15:33] CORE - ZNETDK ERROR - DAO-004: unable to execute the SQL statement 'INSERT INTO company (name, description) VALUES (?, ?)': code='23000', message='SQLSTATE[23000]: Integrity constraint violation: 1048 Column 'description' cannot be null
[2018-03-10 17:15:33] CORE - E_NOTICE - Use of undefined constant LA_DEMO_DIALOG_SAVE - assumed 'LA_DEMO_DIALOG_SAVE' - C:\wamp64\www\znetdk\applications\default\app\controller\companyctrl.php(28)
[2018-03-10 17:15:33] CORE - E_NOTICE - Use of undefined constant LA_DEMO_ERROR_MSG_SAVE - assumed 'LA_DEMO_ERROR_MSG_SAVE' - C:\wamp64\www\znetdk\applications\default\app\controller\companyctrl.php(29)
[2018-03-10 17:15:55] CORE - E_NOTICE - Use of undefined constant LA_DEMO_DIALOG_SAVE - assumed 'LA_DEMO_DIALOG_SAVE' - C:\wamp64\www\znetdk\applications\default\app\controller\companyctrl.php(25)
[2018-03-10 17:15:55] CORE - E_NOTICE - Use of undefined constant LA_DEMO_INFO_MSG_SAVE - assumed 'LA_DEMO_INFO_MSG_SAVE' - C:\wamp64\www\znetdk\applications\default\app\controller\companyctrl.php(26)
[2018-03-10 18:01:22] CORE - E_NOTICE - Use of undefined constant LA_DEMO_DIALOG_SAVE - assumed 'LA_DEMO_DIALOG_SAVE' - C:\wamp64\www\znetdk\applications\default\app\controller\companyctrl.php(25)
[2018-03-10 18:01:22] CORE - E_NOTICE - Use of undefined constant LA_DEMO_INFO_MSG_SAVE - assumed 'LA_DEMO_INFO_MSG_SAVE' - C:\wamp64\www\znetdk\applications\default\app\controller\companyctrl.php(26)
[2018-03-14 11:11:38] CORE - ZNETDK ERROR - DAO-004: unable to execute the SQL statement 'INSERT INTO permit (num, nump, driver, date1, date2, person1, person2, description, mycompany) VALUES (?, ?, ?, ?, ?, ?, ?, ?, ?)': code='42S22', message='SQLSTATE[42S22]: Column not found: 1054 Unknown column 'nump' in 'field list'
[2018-03-14 11:11:38] CORE - E_NOTICE - Use of undefined constant LA_DEMO_DIALOG_SAVE - assumed 'LA_DEMO_DIALOG_SAVE' - C:\wamp64\www\propusk\applications\default\app\controller\propuskctrl.php(28)
[2018-03-14 11:11:38] CORE - E_NOTICE - Use of undefined constant LA_DEMO_ERROR_MSG_SAVE - assumed 'LA_DEMO_ERROR_MSG_SAVE' - C:\wamp64\www\propusk\applications\default\app\controller\propuskctrl.php(29)
[2018-03-14 11:12:00] CORE - ZNETDK ERROR - DAO-004: unable to execute the SQL statement 'INSERT INTO permit (num, nump, driver, date1, date2, person1, person2, description, mycompany) VALUES (?, ?, ?, ?, ?, ?, ?, ?, ?)': code='42S22', message='SQLSTATE[42S22]: Column not found: 1054 Unknown column 'nump' in 'field list'
[2018-03-14 11:12:00] CORE - E_NOTICE - Use of undefined constant LA_DEMO_DIALOG_SAVE - assumed 'LA_DEMO_DIALOG_SAVE' - C:\wamp64\www\propusk\applications\default\app\controller\propuskctrl.php(28)
[2018-03-14 11:12:00] CORE - E_NOTICE - Use of undefined constant LA_DEMO_ERROR_MSG_SAVE - assumed 'LA_DEMO_ERROR_MSG_SAVE' - C:\wamp64\www\propusk\applications\default\app\controller\propuskctrl.php(29)
[2018-03-15 08:51:29] CORE - ZNETDK ERROR - DAO-004: unable to execute the SQL statement 'INSERT INTO permit (num, nump, driver, date1, date2, person1, person2, description, mycompany) VALUES (?, ?, ?, ?, ?, ?, ?, ?, ?)': code='42S22', message='SQLSTATE[42S22]: Column not found: 1054 Unknown column 'nump' in 'field list'
[2018-03-15 08:51:29] CORE - E_NOTICE - Use of undefined constant LA_DEMO_DIALOG_SAVE - assumed 'LA_DEMO_DIALOG_SAVE' - C:\wamp64\www\propusk\applications\default\app\controller\propuskctrl.php(28)
[2018-03-15 08:51:29] CORE - E_NOTICE - Use of undefined constant LA_DEMO_ERROR_MSG_SAVE - assumed 'LA_DEMO_ERROR_MSG_SAVE' - C:\wamp64\www\propusk\applications\default\app\controller\propuskctrl.php(29)
[2018-03-15 08:57:18] CORE - ZNETDK ERROR - DAO-004: unable to execute the SQL statement 'INSERT INTO permit (num, nump, driver, date1, date2, person1, person2, description, mycompany) VALUES (?, ?, ?, ?, ?, ?, ?, ?, ?)': code='42S22', message='SQLSTATE[42S22]: Column not found: 1054 Unknown column 'nump' in 'field list'
[2018-03-15 08:57:18] CORE - E_NOTICE - Use of undefined constant LA_DEMO_DIALOG_SAVE - assumed 'LA_DEMO_DIALOG_SAVE' - C:\wamp64\www\propusk\applications\default\app\controller\propuskctrl.php(28)
[2018-03-15 08:57:18] CORE - E_NOTICE - Use of undefined constant LA_DEMO_ERROR_MSG_SAVE - assumed 'LA_DEMO_ERROR_MSG_SAVE' - C:\wamp64\www\propusk\applications\default\app\controller\propuskctrl.php(29)
[2018-03-15 10:28:57] CORE - ZNETDK ERROR - DAO-004: unable to execute the SQL statement 'INSERT INTO permit (num, nump, driver, date1, date2, person1, person2, description, mycompany) VALUES (?, ?, ?, ?, ?, ?, ?, ?, ?)': code='42S22', message='SQLSTATE[42S22]: Column not found: 1054 Unknown column 'nump' in 'field list'
[2018-03-15 10:28:57] CORE - E_NOTICE - Use of undefined constant LA_DEMO_DIALOG_SAVE - assumed 'LA_DEMO_DIALOG_SAVE' - C:\wamp64\www\propusk\applications\default\app\controller\propuskctrl.php(28)
[2018-03-15 10:28:57] CORE - E_NOTICE - Use of undefined constant LA_DEMO_ERROR_MSG_SAVE - assumed 'LA_DEMO_ERROR_MSG_SAVE' - C:\wamp64\www\propusk\applications\default\app\controller\propuskctrl.php(29)
[2018-03-15 10:30:46] CORE - ZNETDK ERROR - DAO-004: unable to execute the SQL statement 'INSERT INTO permit (num, nump, driver, date1, date2, person1, person2, description, mycompany) VALUES (?, ?, ?, ?, ?, ?, ?, ?, ?)': code='23000', message='SQLSTATE[23000]: Integrity constraint violation: 1048 Column 'mycompany' cannot be null
[2018-03-15 10:30:46] CORE - E_NOTICE - Use of undefined constant LA_DEMO_DIALOG_SAVE - assumed 'LA_DEMO_DIALOG_SAVE' - C:\wamp64\www\propusk\applications\default\app\controller\propuskctrl.php(28)
[2018-03-15 10:30:46] CORE - E_NOTICE - Use of undefined constant LA_DEMO_ERROR_MSG_SAVE - assumed 'LA_DEMO_ERROR_MSG_SAVE' - C:\wamp64\www\propusk\applications\default\app\controller\propuskctrl.php(29)
[2018-03-15 10:32:50] CORE - ZNETDK ERROR - DAO-004: unable to execute the SQL statement 'INSERT INTO permit (num, nump, driver, date1, date2, person1, person2, description, mycompany) VALUES (?, ?, ?, ?, ?, ?, ?, ?, ?)': code='HY000', message='SQLSTATE[HY000]: General error: 1364 Field 'user' doesn't have a default value
[2018-03-15 10:32:50] CORE - E_NOTICE - Use of undefined constant LA_DEMO_DIALOG_SAVE - assumed 'LA_DEMO_DIALOG_SAVE' - C:\wamp64\www\propusk\applications\default\app\controller\propuskctrl.php(28)
[2018-03-15 10:32:50] CORE - E_NOTICE - Use of undefined constant LA_DEMO_ERROR_MSG_SAVE - assumed 'LA_DEMO_ERROR_MSG_SAVE' - C:\wamp64\www\propusk\applications\default\app\controller\propuskctrl.php(29)
[2018-03-15 10:32:52] CORE - ZNETDK ERROR - DAO-004: unable to execute the SQL statement 'INSERT INTO permit (num, nump, driver, date1, date2, person1, person2, description, mycompany) VALUES (?, ?, ?, ?, ?, ?, ?, ?, ?)': code='HY000', message='SQLSTATE[HY000]: General error: 1364 Field 'user' doesn't have a default value
[2018-03-15 10:32:52] CORE - E_NOTICE - Use of undefined constant LA_DEMO_DIALOG_SAVE - assumed 'LA_DEMO_DIALOG_SAVE' - C:\wamp64\www\propusk\applications\default\app\controller\propuskctrl.php(28)
[2018-03-15 10:32:52] CORE - E_NOTICE - Use of undefined constant LA_DEMO_ERROR_MSG_SAVE - assumed 'LA_DEMO_ERROR_MSG_SAVE' - C:\wamp64\www\propusk\applications\default\app\controller\propuskctrl.php(29)
[2018-03-15 10:34:00] CORE - E_NOTICE - Use of undefined constant LA_DEMO_DIALOG_SAVE - assumed 'LA_DEMO_DIALOG_SAVE' - C:\wamp64\www\propusk\applications\default\app\controller\propuskctrl.php(25)
[2018-03-15 10:34:00] CORE - E_NOTICE - Use of undefined constant LA_DEMO_INFO_MSG_SAVE - assumed 'LA_DEMO_INFO_MSG_SAVE' - C:\wamp64\www\propusk\applications\default\app\controller\propuskctrl.php(26)
[2018-03-15 10:35:49] CORE - E_NOTICE - Use of undefined constant LA_DEMO_DIALOG_SAVE - assumed 'LA_DEMO_DIALOG_SAVE' - C:\wamp64\www\propusk\applications\default\app\controller\propuskctrl.php(25)
[2018-03-15 10:35:49] CORE - E_NOTICE - Use of undefined constant LA_DEMO_INFO_MSG_SAVE - assumed 'LA_DEMO_INFO_MSG_SAVE' - C:\wamp64\www\propusk\applications\default\app\controller\propuskctrl.php(26)
[2018-03-15 11:28:02] CORE - E_NOTICE - Use of undefined constant LA_DEMO_DIALOG_SAVE - assumed 'LA_DEMO_DIALOG_SAVE' - C:\wamp64\www\propusk\applications\default\app\controller\propuskctrl.php(25)
[2018-03-15 11:28:02] CORE - E_NOTICE - Use of undefined constant LA_DEMO_INFO_MSG_SAVE - assumed 'LA_DEMO_INFO_MSG_SAVE' - C:\wamp64\www\propusk\applications\default\app\controller\propuskctrl.php(26)
[2018-03-16 07:30:36] CORE - E_NOTICE - Use of undefined constant LA_DEMO_DIALOG_SAVE - assumed 'LA_DEMO_DIALOG_SAVE' - C:\wamp64\www\propusk\applications\default\app\controller\propuskctrl.php(25)
[2018-03-16 07:30:36] CORE - E_NOTICE - Use of undefined constant LA_DEMO_INFO_MSG_SAVE - assumed 'LA_DEMO_INFO_MSG_SAVE' - C:\wamp64\www\propusk\applications\default\app\controller\propuskctrl.php(26)
[2018-03-16 07:36:24] CORE - E_NOTICE - Use of undefined constant LA_DEMO_DIALOG_SAVE - assumed 'LA_DEMO_DIALOG_SAVE' - C:\wamp64\www\propusk\applications\default\app\controller\propuskctrl.php(25)
[2018-03-16 07:36:24] CORE - E_NOTICE - Use of undefined constant LA_DEMO_INFO_MSG_SAVE - assumed 'LA_DEMO_INFO_MSG_SAVE' - C:\wamp64\www\propusk\applications\default\app\controller\propuskctrl.php(26)
[2018-03-29 06:48:45] CORE - E_NOTICE - Use of undefined constant LA_DEMO_DIALOG_SAVE - assumed 'LA_DEMO_DIALOG_SAVE' - C:\wamp64\www\propusk\applications\default\app\controller\propuskctrl.php(25)
[2018-03-29 06:48:45] CORE - E_NOTICE - Use of undefined constant LA_DEMO_INFO_MSG_SAVE - assumed 'LA_DEMO_INFO_MSG_SAVE' - C:\wamp64\www\propusk\applications\default\app\controller\propuskctrl.php(26)
[2018-03-29 06:54:02] CORE - E_NOTICE - Use of undefined constant LA_DEMO_DIALOG_SAVE - assumed 'LA_DEMO_DIALOG_SAVE' - C:\wamp64\www\propusk\applications\default\app\controller\propuskctrl.php(25)
[2018-03-29 06:54:02] CORE - E_NOTICE - Use of undefined constant LA_DEMO_INFO_MSG_SAVE - assumed 'LA_DEMO_INFO_MSG_SAVE' - C:\wamp64\www\propusk\applications\default\app\controller\propuskctrl.php(26)
[2018-03-29 06:59:25] CORE - E_NOTICE - Use of undefined constant LA_DEMO_DIALOG_SAVE - assumed 'LA_DEMO_DIALOG_SAVE' - C:\wamp64\www\propusk\applications\default\app\controller\propuskctrl.php(25)
[2018-03-29 06:59:25] CORE - E_NOTICE - Use of undefined constant LA_DEMO_INFO_MSG_SAVE - assumed 'LA_DEMO_INFO_MSG_SAVE' - C:\wamp64\www\propusk\applications\default\app\controller\propuskctrl.php(26)
[2018-03-30 05:20:15] CORE - E_NOTICE - Use of undefined constant LA_DEMO_DIALOG_SAVE - assumed 'LA_DEMO_DIALOG_SAVE' - C:\wamp64\www\propusk\applications\default\app\controller\propuskctrl.php(25)
[2018-03-30 05:20:15] CORE - E_NOTICE - Use of undefined constant LA_DEMO_INFO_MSG_SAVE - assumed 'LA_DEMO_INFO_MSG_SAVE' - C:\wamp64\www\propusk\applications\default\app\controller\propuskctrl.php(26)
[2018-03-30 05:21:38] CORE - E_NOTICE - Use of undefined constant LA_DEMO_DIALOG_REMOVE - assumed 'LA_DEMO_DIALOG_REMOVE' - C:\wamp64\www\propusk\applications\default\app\controller\propuskctrl.php(47)
[2018-03-30 05:21:38] CORE - E_NOTICE - Use of undefined constant LA_DEMO_INFO_MSG_REMOVE - assumed 'LA_DEMO_INFO_MSG_REMOVE' - C:\wamp64\www\propusk\applications\default\app\controller\propuskctrl.php(47)
[2018-03-30 05:22:02] CORE - E_NOTICE - Use of undefined constant LA_DEMO_DIALOG_SAVE - assumed 'LA_DEMO_DIALOG_SAVE' - C:\wamp64\www\propusk\applications\default\app\controller\companyctrl.php(25)
[2018-03-30 05:22:02] CORE - E_NOTICE - Use of undefined constant LA_DEMO_INFO_MSG_SAVE - assumed 'LA_DEMO_INFO_MSG_SAVE' - C:\wamp64\www\propusk\applications\default\app\controller\companyctrl.php(26)
[2018-03-30 05:22:18] CORE - E_NOTICE - Use of undefined constant LA_DEMO_DIALOG_SAVE - assumed 'LA_DEMO_DIALOG_SAVE' - C:\wamp64\www\propusk\applications\default\app\controller\companyctrl.php(25)
[2018-03-30 05:22:18] CORE - E_NOTICE - Use of undefined constant LA_DEMO_INFO_MSG_SAVE - assumed 'LA_DEMO_INFO_MSG_SAVE' - C:\wamp64\www\propusk\applications\default\app\controller\companyctrl.php(26)
[2018-03-30 10:16:11] CORE - E_ERROR - Call to undefined function useScriptFile() - C:\wamp64\www\propusk\applications\default\app\view\propuskview.php(12)
[2018-05-05 10:10:33] CORE - E_NOTICE - Use of undefined constant LA_DEMO_DIALOG_SAVE - assumed 'LA_DEMO_DIALOG_SAVE' - C:\wamp64\www\propusk\applications\default\app\controller\propuskctrl.php(25)
[2018-05-05 10:10:33] CORE - E_NOTICE - Use of undefined constant LA_DEMO_INFO_MSG_SAVE - assumed 'LA_DEMO_INFO_MSG_SAVE' - C:\wamp64\www\propusk\applications\default\app\controller\propuskctrl.php(26)
[2018-05-05 10:33:44] CORE - E_NOTICE - Use of undefined constant LA_DEMO_DIALOG_SAVE - assumed 'LA_DEMO_DIALOG_SAVE' - C:\wamp64\www\propusk\applications\default\app\controller\propuskctrl.php(25)
[2018-05-05 10:33:44] CORE - E_NOTICE - Use of undefined constant LA_DEMO_INFO_MSG_SAVE - assumed 'LA_DEMO_INFO_MSG_SAVE' - C:\wamp64\www\propusk\applications\default\app\controller\propuskctrl.php(26)
[2018-05-05 10:34:24] CORE - E_NOTICE - Use of undefined constant LA_DEMO_DIALOG_SAVE - assumed 'LA_DEMO_DIALOG_SAVE' - C:\wamp64\www\propusk\applications\default\app\controller\propuskctrl.php(25)
[2018-05-05 10:34:24] CORE - E_NOTICE - Use of undefined constant LA_DEMO_INFO_MSG_SAVE - assumed 'LA_DEMO_INFO_MSG_SAVE' - C:\wamp64\www\propusk\applications\default\app\controller\propuskctrl.php(26)
[2018-05-05 10:44:06] CORE - E_NOTICE - Use of undefined constant LA_DEMO_DIALOG_SAVE - assumed 'LA_DEMO_DIALOG_SAVE' - C:\wamp64\www\propusk\applications\default\app\controller\propuskctrl.php(25)
[2018-05-05 10:44:06] CORE - E_NOTICE - Use of undefined constant LA_DEMO_INFO_MSG_SAVE - assumed 'LA_DEMO_INFO_MSG_SAVE' - C:\wamp64\www\propusk\applications\default\app\controller\propuskctrl.php(26)
[2018-05-05 10:44:46] CORE - E_NOTICE - Use of undefined constant LA_DEMO_DIALOG_REMOVE - assumed 'LA_DEMO_DIALOG_REMOVE' - C:\wamp64\www\propusk\applications\default\app\controller\propuskctrl.php(47)
[2018-05-05 10:44:46] CORE - E_NOTICE - Use of undefined constant LA_DEMO_INFO_MSG_REMOVE - assumed 'LA_DEMO_INFO_MSG_REMOVE' - C:\wamp64\www\propusk\applications\default\app\controller\propuskctrl.php(47)
[2018-05-07 06:36:52] CORE - E_NOTICE - Use of undefined constant LA_DEMO_DIALOG_SAVE - assumed 'LA_DEMO_DIALOG_SAVE' - C:\wamp64\www\propusk\applications\default\app\controller\propuskctrl.php(25)
[2018-05-07 06:36:52] CORE - E_NOTICE - Use of undefined constant LA_DEMO_INFO_MSG_SAVE - assumed 'LA_DEMO_INFO_MSG_SAVE' - C:\wamp64\www\propusk\applications\default\app\controller\propuskctrl.php(26)
[2018-05-07 06:40:51] CORE - E_NOTICE - Use of undefined constant LA_DEMO_DIALOG_SAVE - assumed 'LA_DEMO_DIALOG_SAVE' - C:\wamp64\www\propusk\applications\default\app\controller\propuskctrl.php(25)
[2018-05-07 06:40:51] CORE - E_NOTICE - Use of undefined constant LA_DEMO_INFO_MSG_SAVE - assumed 'LA_DEMO_INFO_MSG_SAVE' - C:\wamp64\www\propusk\applications\default\app\controller\propuskctrl.php(26)
[2018-05-07 11:04:00] CORE - E_NOTICE - Use of undefined constant LA_DEMO_DIALOG_SAVE - assumed 'LA_DEMO_DIALOG_SAVE' - C:\wamp64\www\propusk\applications\default\app\controller\propuskctrl.php(25)
[2018-05-07 11:04:00] CORE - E_NOTICE - Use of undefined constant LA_DEMO_INFO_MSG_SAVE - assumed 'LA_DEMO_INFO_MSG_SAVE' - C:\wamp64\www\propusk\applications\default\app\controller\propuskctrl.php(26)
[2018-05-07 14:47:53] CORE - E_NOTICE - Use of undefined constant LA_DEMO_DIALOG_SAVE - assumed 'LA_DEMO_DIALOG_SAVE' - C:\wamp64\www\propusk\applications\default\app\controller\propuskctrl.php(25)
[2018-05-07 14:47:53] CORE - E_NOTICE - Use of undefined constant LA_DEMO_INFO_MSG_SAVE - assumed 'LA_DEMO_INFO_MSG_SAVE' - C:\wamp64\www\propusk\applications\default\app\controller\propuskctrl.php(26)
[2018-05-08 05:01:21] CORE - E_NOTICE - Use of undefined constant LA_DEMO_DIALOG_SAVE - assumed 'LA_DEMO_DIALOG_SAVE' - C:\wamp64\www\propusk\applications\default\app\controller\propuskctrl.php(25)
[2018-05-08 05:01:21] CORE - E_NOTICE - Use of undefined constant LA_DEMO_INFO_MSG_SAVE - assumed 'LA_DEMO_INFO_MSG_SAVE' - C:\wamp64\www\propusk\applications\default\app\controller\propuskctrl.php(26)
[2018-05-08 05:35:04] CORE - E_NOTICE - Use of undefined constant LA_DEMO_DIALOG_SAVE - assumed 'LA_DEMO_DIALOG_SAVE' - C:\wamp64\www\propusk\applications\default\app\controller\propuskctrl.php(25)
[2018-05-08 05:35:04] CORE - E_NOTICE - Use of undefined constant LA_DEMO_INFO_MSG_SAVE - assumed 'LA_DEMO_INFO_MSG_SAVE' - C:\wamp64\www\propusk\applications\default\app\controller\propuskctrl.php(26)
[2018-05-08 06:28:10] CORE - E_NOTICE - Use of undefined constant LA_DEMO_DIALOG_SAVE - assumed 'LA_DEMO_DIALOG_SAVE' - C:\wamp64\www\propusk\applications\default\app\controller\propuskctrl.php(25)
[2018-05-08 06:28:10] CORE - E_NOTICE - Use of undefined constant LA_DEMO_INFO_MSG_SAVE - assumed 'LA_DEMO_INFO_MSG_SAVE' - C:\wamp64\www\propusk\applications\default\app\controller\propuskctrl.php(26)
[2018-05-08 06:28:25] CORE - E_NOTICE - Use of undefined constant LA_DEMO_DIALOG_SAVE - assumed 'LA_DEMO_DIALOG_SAVE' - C:\wamp64\www\propusk\applications\default\app\controller\propuskctrl.php(25)
[2018-05-08 06:28:25] CORE - E_NOTICE - Use of undefined constant LA_DEMO_INFO_MSG_SAVE - assumed 'LA_DEMO_INFO_MSG_SAVE' - C:\wamp64\www\propusk\applications\default\app\controller\propuskctrl.php(26)
[2018-05-08 06:38:12] CORE - E_NOTICE - Use of undefined constant LA_DEMO_DIALOG_SAVE - assumed 'LA_DEMO_DIALOG_SAVE' - C:\wamp64\www\propusk\applications\default\app\controller\propuskctrl.php(25)
[2018-05-08 06:38:12] CORE - E_NOTICE - Use of undefined constant LA_DEMO_INFO_MSG_SAVE - assumed 'LA_DEMO_INFO_MSG_SAVE' - C:\wamp64\www\propusk\applications\default\app\controller\propuskctrl.php(26)
[2018-06-13 05:35:15] CORE - E_NOTICE - Use of undefined constant LA_DEMO_DIALOG_SAVE - assumed 'LA_DEMO_DIALOG_SAVE' - C:\wamp64\www\propusk\applications\default\app\controller\propuskctrl.php(25)
[2018-06-13 05:35:15] CORE - E_NOTICE - Use of undefined constant LA_DEMO_INFO_MSG_SAVE - assumed 'LA_DEMO_INFO_MSG_SAVE' - C:\wamp64\www\propusk\applications\default\app\controller\propuskctrl.php(26)
[2018-06-25 06:32:02] CORE - E_NOTICE - Undefined variable: connectedUser - xdebug://debug-eval(1)
[2018-06-25 06:32:02] CORE - E_NOTICE - Use of undefined constant mycompany - assumed 'mycompany' - xdebug://debug-eval(1)
[2018-06-25 06:32:56] CORE - E_NOTICE - Undefined variable: connectedUser - xdebug://debug-eval(1)
[2018-06-25 06:32:56] CORE - E_NOTICE - Use of undefined constant mycompany - assumed 'mycompany' - xdebug://debug-eval(1)
[2018-07-11 11:15:17] CORE - E_NOTICE - Undefined variable: connectedUser - xdebug://debug-eval(1)
[2018-07-11 11:15:17] CORE - E_NOTICE - Use of undefined constant mycompany - assumed 'mycompany' - xdebug://debug-eval(1)
[2018-07-11 11:24:02] CORE - E_NOTICE - Undefined variable: connectedUser - xdebug://debug-eval(1)
[2018-07-11 11:24:02] CORE - E_NOTICE - Use of undefined constant mycompany - assumed 'mycompany' - xdebug://debug-eval(1)
[2018-07-11 11:24:31] CORE - E_NOTICE - Undefined variable: connectedUser - xdebug://debug-eval(1)
[2018-07-11 11:24:31] CORE - E_NOTICE - Use of undefined constant mycompany - assumed 'mycompany' - xdebug://debug-eval(1)
[2018-07-11 11:24:55] CORE - E_NOTICE - Undefined variable: connectedUser - xdebug://debug-eval(1)
[2018-07-11 11:24:55] CORE - E_NOTICE - Use of undefined constant mycompany - assumed 'mycompany' - xdebug://debug-eval(1)
[2018-07-11 11:25:15] CORE - E_NOTICE - Undefined variable: connectedUser - xdebug://debug-eval(1)
[2018-07-11 11:25:15] CORE - E_NOTICE - Use of undefined constant mycompany - assumed 'mycompany' - xdebug://debug-eval(1)
[2018-07-11 11:32:38] CORE - E_PARSE - syntax error, unexpected end of file - xdebug://debug-eval(1)
[2018-07-12 07:25:25] CORE - E_NOTICE - Undefined variable: connectedUser - xdebug://debug-eval(1)
[2018-07-12 07:25:25] CORE - E_NOTICE - Use of undefined constant mycompany - assumed 'mycompany' - xdebug://debug-eval(1)
[2018-07-12 07:27:30] CORE - E_NOTICE - Undefined variable: connectedUser - xdebug://debug-eval(1)
[2018-07-12 07:27:30] CORE - E_NOTICE - Use of undefined constant mycompany - assumed 'mycompany' - xdebug://debug-eval(1)
